<?xml version="1.0" encoding="UTF-8"?>
<testng-results ignored="0" total="1" passed="1" failed="0" skipped="0">
  <reporter-output>
  </reporter-output>
  <suite started-at="2023-02-19T15:32:06 ICT" name="Default suite" finished-at="2023-02-19T15:32:16 ICT" duration-ms="10101">
    <groups>
    </groups>
    <test started-at="2023-02-19T15:32:06 ICT" name="Default test" finished-at="2023-02-19T15:32:16 ICT" duration-ms="10101">
      <class name="TestingChartStagingAndProd">
        <test-method is-config="true" signature="start()[pri:0, instance:TestingChartStagingAndProd@68999068]" started-at="2023-02-19T15:32:06 ICT" name="start" finished-at="2023-02-19T15:32:09 ICT" duration-ms="2767" status="PASS">
          <reporter-output>
          </reporter-output>
        </test-method> <!-- start -->
        <test-method signature="TestingChart()[pri:0, instance:TestingChartStagingAndProd@68999068]" started-at="2023-02-19T15:32:09 ICT" name="TestingChart" finished-at="2023-02-19T15:32:16 ICT" duration-ms="6648" status="PASS">
          <reporter-output>
          </reporter-output>
        </test-method> <!-- TestingChart -->
        <test-method is-config="true" signature="stop()[pri:0, instance:TestingChartStagingAndProd@68999068]" started-at="2023-02-19T15:32:16 ICT" name="stop" finished-at="2023-02-19T15:32:16 ICT" duration-ms="654" status="PASS">
          <reporter-output>
          </reporter-output>
        </test-method> <!-- stop -->
      </class> <!-- TestingChartStagingAndProd -->
    </test> <!-- Default test -->
  </suite> <!-- Default suite -->
</testng-results>
